<?xml version="1.0" encoding="UTF-8"?>
<testsuite xmlns:xsi="http://www.w3.org/2001/XMLSchema-instance" xsi:schemaLocation="https://maven.apache.org/surefire/maven-surefire-plugin/xsd/surefire-test-report.xsd" name="runner.RunTest" time="11.321" tests="9" errors="0" skipped="0" failures="0">
  <properties>
[...]
</properties>
  <testcase name="When PTC sevlistic page is open" classname="Scenario: verify login for valid user" time="0.001"/>
  <testcase name="And login with valid usename" classname="Scenario: verify login for valid user" time="0"/>
  <testcase name="Then User should be login" classname="Scenario: verify login for valid user" time="0"/>
  <testcase name="Scenario: verify login for valid user" classname="Scenario: verify login for valid user" time="2.332"/>
  <testcase name="When PTC sevlistic page is open" classname="| nalini |  | 1234567 |" time="0"/>
  <testcase name="And username nalini entered" classname="| nalini |  | 1234567 |" time="0"/>
  <testcase name="And password 1234567 entered" classname="| nalini |  | 1234567 |" time="0"/>
  <testcase name="Then error message should be verified" classname="| nalini |  | 1234567 |" time="0"/>
  <testcase name="| nalini |  | 1234567 |" classname="| nalini |  | 1234567 |" time="0.854"/>
</testsuite>